Arguments: 
  /usr/bin/node /usr/bin/yarn build

PATH: 
  /home/abubakar/.local/bin:/home/abubakar/.local/bin:/usr/local/sbin:/usr/local/bin:/usr/sbin:/usr/bin:/sbin:/bin:/usr/games:/usr/local/games:/snap/bin:/cmdline-tools/latest/bin:/cmdline-tools/latest/bin:/cmdline-tools/latest/bin

Yarn version: 
  1.22.18

Node version: 
  14.18.0

Platform: 
  linux x64

Trace: 
  SyntaxError: /home/abubakar/Dev/research/Move_To_Inprogress/package.json: Unexpected string in JSON at position 165
      at JSON.parse (<anonymous>)
      at /usr/lib/node_modules/yarn/lib/cli.js:1625:59
      at Generator.next (<anonymous>)
      at step (/usr/lib/node_modules/yarn/lib/cli.js:310:30)
      at /usr/lib/node_modules/yarn/lib/cli.js:321:13

npm manifest: 
  {
    "name": "move_to_inprogress",
    "version": "1.0.0",
    "description": "",
    "main": "index.js",
    "scripts": {
      "build": "ncc build src/action.js -o dist"
      "test": "echo \"Error: no test specified\" && exit 1"
    },
    "repository": {
      "type": "git",
      "url": "git+https://github.com/suleimanabubakar/Move_To_Inprogress.git"
    },
    "author": "",
    "license": "ISC",
    "bugs": {
      "url": "https://github.com/suleimanabubakar/Move_To_Inprogress/issues"
    },
    "homepage": "https://github.com/suleimanabubakar/Move_To_Inprogress#readme",
    "dependencies": {
      "@vercel/ncc": "^0.33.4"
    }
  }

yarn manifest: 
  No manifest

Lockfile: 
  # THIS IS AN AUTOGENERATED FILE. DO NOT EDIT THIS FILE DIRECTLY.
  # yarn lockfile v1
  
  
  "@vercel/ncc@^0.33.4":
    version "0.33.4"
    resolved "https://registry.yarnpkg.com/@vercel/ncc/-/ncc-0.33.4.tgz#e44a87511f583b7ba88e4b9ae90eeb7ba252b872"
    integrity sha512-ln18hs7dMffelP47tpkaR+V5Tj6coykNyxJrlcmCormPqRQjB/Gv4cu2FfBG+PMzIfdZp2CLDsrrB1NPU22Qhg==
  
  yarn@^1.22.18:
    version "1.22.18"
    resolved "https://registry.yarnpkg.com/yarn/-/yarn-1.22.18.tgz#05b822ade8c672987bab8858635145da0850f78a"
    integrity sha512-oFffv6Jp2+BTUBItzx1Z0dpikTX+raRdqupfqzeMKnoh7WD6RuPAxcqDkMUy9vafJkrB0YaV708znpuMhEBKGQ==
